0 info it worked if it ends with ok
1 verbose cli [ 'C:\\Program Files\\nodejs\\\\node.exe',
1 verbose cli   'C:\\Program Files\\nodejs\\node_modules\\npm\\bin\\npm-cli.js',
1 verbose cli   'publish' ]
2 info using npm@1.4.14
3 info using node@v0.10.29
4 verbose node symlink C:\Program Files\nodejs\\node.exe
5 verbose publish [ '.' ]
6 verbose cache add [ '.', null ]
7 verbose cache add name=undefined spec="." args=[".",null]
8 verbose parsed url { protocol: null,
8 verbose parsed url   slashes: null,
8 verbose parsed url   auth: null,
8 verbose parsed url   host: null,
8 verbose parsed url   port: null,
8 verbose parsed url   hostname: null,
8 verbose parsed url   hash: null,
8 verbose parsed url   search: null,
8 verbose parsed url   query: null,
8 verbose parsed url   pathname: '.',
8 verbose parsed url   path: '.',
8 verbose parsed url   href: '.' }
9 silly lockFile 3a52ce78- .
10 verbose lock . C:\Users\jason\AppData\Roaming\npm-cache\3a52ce78-.lock
11 verbose tar pack [ 'C:\\Users\\jason\\AppData\\Roaming\\npm-cache\\node-red-contrib-logentries\\0.1.0\\package.tgz',
11 verbose tar pack   '.' ]
12 verbose tarball C:\Users\jason\AppData\Roaming\npm-cache\node-red-contrib-logentries\0.1.0\package.tgz
13 verbose folder .
14 info prepublish node-red-contrib-logentries@0.1.0
15 silly lockFile 1f1177db-tar tar://.
16 verbose lock tar://. C:\Users\jason\AppData\Roaming\npm-cache\1f1177db-tar.lock
17 silly lockFile 290c166a-rib-logentries-0-1-0-package-tgz tar://C:\Users\jason\AppData\Roaming\npm-cache\node-red-contrib-logentries\0.1.0\package.tgz
18 verbose lock tar://C:\Users\jason\AppData\Roaming\npm-cache\node-red-contrib-logentries\0.1.0\package.tgz C:\Users\jason\AppData\Roaming\npm-cache\290c166a-rib-logentries-0-1-0-package-tgz.lock
19 silly lockFile 1f1177db-tar tar://.
20 silly lockFile 1f1177db-tar tar://.
21 silly lockFile 290c166a-rib-logentries-0-1-0-package-tgz tar://C:\Users\jason\AppData\Roaming\npm-cache\node-red-contrib-logentries\0.1.0\package.tgz
22 silly lockFile 290c166a-rib-logentries-0-1-0-package-tgz tar://C:\Users\jason\AppData\Roaming\npm-cache\node-red-contrib-logentries\0.1.0\package.tgz
23 silly lockFile 870f1e19-contrib-logentries-0-1-0-package C:\Users\jason\AppData\Roaming\npm-cache\node-red-contrib-logentries\0.1.0\package
24 verbose lock C:\Users\jason\AppData\Roaming\npm-cache\node-red-contrib-logentries\0.1.0\package C:\Users\jason\AppData\Roaming\npm-cache\870f1e19-contrib-logentries-0-1-0-package.lock
25 silly lockFile 870f1e19-contrib-logentries-0-1-0-package C:\Users\jason\AppData\Roaming\npm-cache\node-red-contrib-logentries\0.1.0\package
26 silly lockFile 870f1e19-contrib-logentries-0-1-0-package C:\Users\jason\AppData\Roaming\npm-cache\node-red-contrib-logentries\0.1.0\package
27 silly lockFile 3a52ce78- .
28 silly lockFile 3a52ce78- .
29 silly publish { name: 'node-red-contrib-logentries',
29 silly publish   version: '0.1.0',
29 silly publish   description: 'Node-Red packaged node to log to cloud logging service logentries.com',
29 silly publish   main: 'node-red-contrib-logentries.js',
29 silly publish   scripts: { test: 'echo "Error: no test specified" && exit 1' },
29 silly publish   repository:
29 silly publish    { type: 'git',
29 silly publish      url: 'https://github.com/jasonruane/node-red-contrib-logentries.git' },
29 silly publish   keywords:
29 silly publish    [ 'node-red-contrib',
29 silly publish      'node-red',
29 silly publish      'logentries',
29 silly publish      'cloud',
29 silly publish      'logging',
29 silly publish      'logs' ],
29 silly publish   author:
29 silly publish    { name: 'Jason Ruane',
29 silly publish      email: 'jason.ruane@gmail.com',
29 silly publish      url: 'http://www.randomlabs.io/' },
29 silly publish   license: 'ISC',
29 silly publish   bugs: { url: 'https://github.com/jasonruane/node-red-contrib-logentries/issues' },
29 silly publish   homepage: 'https://github.com/jasonruane/node-red-contrib-logentries',
29 silly publish   readme: '# node-red-contrib-logentries\r\n\r\n** A Node-Red wrapper for [logentries.com](http://logentries.com) **\r\n\r\nCurrent Version: 0.1\r\n\r\n\r\n# What it is\r\n\r\nAn easy-to-use wrapper for the logentries.com service. The _node-red-contrib-logentries_ node makes it very easy to log directly to your logentries.com account direct from Node-Red.\r\n\r\n\r\n# Key Features:\r\n\r\n   * Drag and drop on node-red\r\n   * fully configurable\r\n   * cloud logging enables many sources to arrive in one viewable, searchable location\r\n\r\n   \r\n## Installation\r\n\r\n\tnpm install node-red-contrib-logentries\r\n\t- This will download this module and place in your node_modules directory\r\n    npm install logentries\r\n\t- This installs the required NodeJs package for logentries service. However it currently requires an update so navigate to your subdirectory of node_modules\\logentries\\lib and edit logentries.js file so that line 57 is changed from:\r\n\tport: opts.secure ? 20000 : 10000,\r\n\tto this:\r\n\tport: opts.port || (opts.secure ? 20000 : 10000),\r\n\r\n\r\n\r\n## Usage\r\n\r\n\r\nThis module sends your logging entries to the cloud hosted logging service logentries.com. You will need an account with this service for the module to work.\r\n\r\nOnce you have logentries.com account, you need just one configuration item to initialize a logging instance (you can create more than one):\r\n\r\n  * TOKEN: As supplied by Logentries when you create a logfile of source type Token TCP.\r\n\r\n[logentries.com User Guide](https://logentries.com/docs/userguide)\r\n\r\n\r\n## logentries.com service.\r\n\r\nCompany site: [logentries.com](http://logentries.com)\r\n\r\n\r\n',
29 silly publish   readmeFilename: 'README.md',
29 silly publish   gitHead: '4428f9d572d575620e18dda81f802bc70e2002df',
29 silly publish   _id: 'node-red-contrib-logentries@0.1.0',
29 silly publish   _shasum: '5cfc462be3dd2d7b48bf1d0fba07b0b5a709e86d',
29 silly publish   _from: '.' }
30 verbose url raw node-red-contrib-logentries
31 verbose url resolving [ 'https://registry.npmjs.org/',
31 verbose url resolving   './node-red-contrib-logentries' ]
32 verbose url resolved https://registry.npmjs.org/node-red-contrib-logentries
33 info trying registry request attempt 1 at 15:00:07
34 http PUT https://registry.npmjs.org/node-red-contrib-logentries
35 http 403 https://registry.npmjs.org/node-red-contrib-logentries
36 verbose headers { date: 'Fri, 03 Oct 2014 14:00:09 GMT',
36 verbose headers   server: 'CouchDB/1.5.0 (Erlang OTP/R16B03)',
36 verbose headers   'content-type': 'application/json',
36 verbose headers   'cache-control': 'max-age=60',
36 verbose headers   'content-length': '4948',
36 verbose headers   'accept-ranges': 'bytes',
36 verbose headers   via: '1.1 varnish',
36 verbose headers   'x-served-by': 'cache-lcy1130-LCY',
36 verbose headers   'x-cache': 'MISS',
36 verbose headers   'x-cache-hits': '0',
36 verbose headers   'x-timer': 'S1412344809.665344,VS0,VE164',
36 verbose headers   'keep-alive': 'timeout=10, max=50',
36 verbose headers   connection: 'Keep-Alive' }
37 error publish Failed PUT 403
38 error Error: forbidden cannot modify pre-existing version: 0.1.0
38 error old={"name":"node-red-contrib-logentries","version":"0.1.0","description":"Node-Red packaged node to log to cloud logging service logentries.com","main":"node-red-contrib-logentries.js","scripts":{"test":"echo \"Error: no test specified\" && exit 1"},"repository":{"type":"git","url":"https://github.com/jasonruane/node-red-contrib-logentries.git"},"keywords":["node-red-contrib","node-red","logentries","cloud","logging","logs"],"author":{"name":"Jason Ruane","email":"jason.ruane@gmail.com","url":"http://www.randomlabs.io/"},"license":"ISC","bugs":{"url":"https://github.com/jasonruane/node-red-contrib-logentries/issues"},"homepage":"https://github.com/jasonruane/node-red-contrib-logentries","gitHead":"49342e527e47beef5965186f38bfceeb6a5b93dd","_id":"node-red-contrib-logentries@0.1.0","_shasum":"55013131ff60365c231b9f0b5426f182b751ca69","_from":".","_npmVersion":"1.4.14","_npmUser":{"name":"jasonruane","email":"jason.ruane@gmail.com"},"maintainers":[{"name":"jasonruane","email":"jason.ruane@gmail.com"}],"dist":{"shasum":"55013131ff60365c231b9f0b5426f182b751ca69","tarball":"http://registry.npmjs.org/node-red-contrib-logentries/-/node-red-contrib-logentries-0.1.0.tgz"}}
38 error new={"name":"node-red-contrib-logentries","version":"0.1.0","description":"Node-Red packaged node to log to cloud logging service logentries.com","main":"node-red-contrib-logentries.js","scripts":{"test":"echo \"Error: no test specified\" && exit 1"},"repository":{"type":"git","url":"https://github.com/jasonruane/node-red-contrib-logentries.git"},"keywords":["node-red-contrib","node-red","logentries","cloud","logging","logs"],"author":{"name":"Jason Ruane","email":"jason.ruane@gmail.com","url":"http://www.randomlabs.io/"},"license":"ISC","bugs":{"url":"https://github.com/jasonruane/node-red-contrib-logentries/issues"},"homepage":"https://github.com/jasonruane/node-red-contrib-logentries","readme":"# node-red-contrib-logentries\u000d\u000a\u000d\u000a** A Node-Red wrapper for [logentries.com](http://logentries.com) **\u000d\u000a\u000d\u000aCurrent Version: 0.1\u000d\u000a\u000d\u000a\u000d\u000a# What it is\u000d\u000a\u000d\u000aAn easy-to-use wrapper for the logentries.com service. The _node-red-contrib-logentries_ node makes it very easy to log directly to your logentries.com account direct from Node-Red.\u000d\u000a\u000d\u000a\u000d\u000a# Key Features:\u000d\u000a\u000d\u000a   * Drag and drop on node-red\u000d\u000a   * fully configurable\u000d\u000a   * cloud logging enables many sources to arrive in one viewable, searchable location\u000d\u000a\u000d\u000a   \u000d\u000a## Installation\u000d\u000a\u000d\u000a\u0009npm install node-red-contrib-logentries\u000d\u000a\u0009- This will download this module and place in your node_modules directory\u000d\u000a    npm install logentries\u000d\u000a\u0009- This installs the required NodeJs package for logentries service. However it currently requires an update so navigate to your subdirectory of node_modules\\logentries\\lib and edit logentries.js file so that line 57 is changed from:\u000d\u000a\u0009port: opts.secure ? 20000 : 10000,\u000d\u000a\u0009to this:\u000d\u000a\u0009port: opts.port || (opts.secure ? 20000 : 10000),\u000d\u000a\u000d\u000a\u000d\u000a\u000d\u000a## Usage\u000d\u000a\u000d\u000a\u000d\u000aThis module sends your logging entries to the cloud hosted logging service logentries.com. You will need an account with this service for the module to work.\u000d\u000a\u000d\u000aOnce you have logentries.com account, you need just one configuration item to initialize a logging instance (you can create more than one):\u000d\u000a\u000d\u000a  * TOKEN: As supplied by Logentries when you create a logfile of source type Token TCP.\u000d\u000a\u000d\u000a[logentries.com User Guide](https://logentries.com/docs/userguide)\u000d\u000a\u000d\u000a\u000d\u000a## logentries.com service.\u000d\u000a\u000d\u000aCompany site: [logentries.com](http://logentries.com)\u000d\u000a\u000d\u000a\u000d\u000a","readmeFilename":"README.md","gitHead":"4428f9d572d575620e18dda81f802bc70e2002df","_id":"node-red-contrib-logentries@0.1.0","_shasum":"5cfc462be3dd2d7b48bf1d0fba07b0b5a709e86d","_from":".","_npmVersion":"1.4.14","_npmUser":{"name":"jasonruane","email":"jason.ruane@gmail.com"},"maintainers":[{"name":"jasonruane","email":"jason.ruane@gmail.com"}],"dist":{"shasum":"5cfc462be3dd2d7b48bf1d0fba07b0b5a709e86d","tarball":"http://registry.npmjs.org/node-red-contrib-logentries/-/node-red-contrib-logentries-0.1.0.tgz"}}: node-red-contrib-logentries
38 error     at RegClient.<anonymous> (C:\Program Files\nodejs\node_modules\npm\node_modules\npm-registry-client\lib\request.js:274:14)
38 error     at Request._callback (C:\Program Files\nodejs\node_modules\npm\node_modules\npm-registry-client\lib\request.js:212:65)
38 error     at Request.self.callback (C:\Program Files\nodejs\node_modules\npm\node_modules\request\request.js:123:22)
38 error     at Request.emit (events.js:98:17)
38 error     at Request.<anonymous> (C:\Program Files\nodejs\node_modules\npm\node_modules\request\request.js:893:14)
38 error     at Request.emit (events.js:117:20)
38 error     at IncomingMessage.<anonymous> (C:\Program Files\nodejs\node_modules\npm\node_modules\request\request.js:844:12)
38 error     at IncomingMessage.emit (events.js:117:20)
38 error     at _stream_readable.js:929:16
38 error     at process._tickCallback (node.js:419:13)
39 error If you need help, you may report this *entire* log,
39 error including the npm and node versions, at:
39 error     <http://github.com/npm/npm/issues>
40 error System Windows_NT 6.1.7601
41 error command "C:\\Program Files\\nodejs\\\\node.exe" "C:\\Program Files\\nodejs\\node_modules\\npm\\bin\\npm-cli.js" "publish"
42 error cwd J:\code\cirkit\node-red-contrib-logentries
43 error node -v v0.10.29
44 error npm -v 1.4.14
45 verbose exit [ 1, true ]
